<?xml version="1.0" encoding="UTF-8"?>
<testng-results skipped="0" failed="0" total="1" passed="1">
  <reporter-output>
  </reporter-output>
  <suite name="Default suite" duration-ms="16024" started-at="2022-12-08T03:17:18Z" finished-at="2022-12-08T03:17:35Z">
    <groups>
    </groups>
    <test name="Default test" duration-ms="16024" started-at="2022-12-08T03:17:18Z" finished-at="2022-12-08T03:17:35Z">
      <class name="lama.SeleniumHandsonAssessment.AutoSuggestDropdown">
        <test-method status="PASS" signature="TC_01()[pri:0, instance:lama.SeleniumHandsonAssessment.AutoSuggestDropdown@5276e6b0]" name="TC_01" duration-ms="15631" started-at="2022-12-08T06:17:18Z" finished-at="2022-12-08T06:17:34Z">
          <reporter-output>
          </reporter-output>
        </test-method> <!-- TC_01 -->
        <test-method status="PASS" signature="takeScreenshot()[pri:0, instance:lama.SeleniumHandsonAssessment.AutoSuggestDropdown@5276e6b0]" name="takeScreenshot" is-config="true" duration-ms="383" started-at="2022-12-08T06:17:34Z" finished-at="2022-12-08T06:17:35Z">
          <reporter-output>
          </reporter-output>
        </test-method> <!-- takeScreenshot -->
        <test-method status="PASS" signature="closeBrowser()[pri:0, instance:lama.SeleniumHandsonAssessment.AutoSuggestDropdown@5276e6b0]" name="closeBrowser" is-config="true" duration-ms="375" started-at="2022-12-08T06:17:35Z" finished-at="2022-12-08T06:17:35Z">
          <reporter-output>
          </reporter-output>
        </test-method> <!-- closeBrowser -->
      </class> <!-- lama.SeleniumHandsonAssessment.AutoSuggestDropdown -->
    </test> <!-- Default test -->
  </suite> <!-- Default suite -->
</testng-results>
